-------------------------------------------------------------------------------
Test set: com.yupi.springbootinit.mapper.PostMapperTest
-------------------------------------------------------------------------------
Tests run: 1, Failures: 0, Errors: 1, Skipped: 0, Time elapsed: 0 s <<< FAILURE! - in com.yupi.springbootinit.mapper.PostMapperTest
com.yupi.springbootinit.mapper.PostMapperTest  Time elapsed: 0 s  <<< ERROR!
java.lang.NoClassDefFoundError: Lcom/yupi/springbootinit/mapper/PostMapper;
Caused by: java.lang.ClassNotFoundException: com.yupi.springbootinit.mapper.PostMapper

